2025-03-07T11:17:42.285+05:30  INFO 30632 --- [spring-boot-spring-book-management] [restartedMain] pringBootSpringBookManagementApplication : Starting SpringBootSpringBookManagementApplication using Java 21.0.5 with PID 30632 (C:\Users\2380222\Documents\BookStore\spring-boot-spring-book-management\target\classes started by 2380222 in C:\Users\2380222\Documents\BookStore\spring-boot-spring-book-management)
2025-03-07T11:17:42.290+05:30  INFO 30632 --- [spring-boot-spring-book-management] [restartedMain] pringBootSpringBookManagementApplication : No active profile set, falling back to 1 default profile: "default"
2025-03-07T11:17:42.351+05:30  INFO 30632 --- [spring-boot-spring-book-management] [restartedMain] o.s.c.c.c.ConfigServerConfigDataLoader   : Fetching config from server at : http://localhost:1234
2025-03-07T11:17:42.352+05:30  INFO 30632 --- [spring-boot-spring-book-management] [restartedMain] o.s.c.c.c.ConfigServerConfigDataLoader   : Located environment: name=spring-boot-spring-book-management, profiles=[default], label=null, version=705d224b50e3413c6f1316a9f15184be40c6d9e6, state=
2025-03-07T11:17:42.356+05:30  INFO 30632 --- [spring-boot-spring-book-management] [restartedMain] .e.DevToolsPropertyDefaultsPostProcessor : Devtools property defaults active! Set 'spring.devtools.add-properties' to 'false' to disable
2025-03-07T11:17:42.356+05:30  INFO 30632 --- [spring-boot-spring-book-management] [restartedMain] .e.DevToolsPropertyDefaultsPostProcessor : For additional web related logging consider setting the 'logging.level.web' property to 'DEBUG'
2025-03-07T11:17:43.557+05:30  INFO 30632 --- [spring-boot-spring-book-management] [restartedMain] .s.d.r.c.RepositoryConfigurationDelegate : Bootstrapping Spring Data JPA repositories in DEFAULT mode.
2025-03-07T11:17:43.704+05:30  INFO 30632 --- [spring-boot-spring-book-management] [restartedMain] .s.d.r.c.RepositoryConfigurationDelegate : Finished Spring Data repository scanning in 138 ms. Found 1 JPA repository interface.
2025-03-07T11:17:43.942+05:30  INFO 30632 --- [spring-boot-spring-book-management] [restartedMain] o.s.cloud.context.scope.GenericScope     : BeanFactory id=fa8f4a1b-568b-3d63-8b2c-8f1fc65a355d
2025-03-07T11:17:44.659+05:30  INFO 30632 --- [spring-boot-spring-book-management] [restartedMain] o.s.b.w.embedded.tomcat.TomcatWebServer  : Tomcat initialized with port 8082 (http)
2025-03-07T11:17:44.677+05:30  INFO 30632 --- [spring-boot-spring-book-management] [restartedMain] o.apache.catalina.core.StandardService   : Starting service [Tomcat]
2025-03-07T11:17:44.678+05:30  INFO 30632 --- [spring-boot-spring-book-management] [restartedMain] o.apache.catalina.core.StandardEngine    : Starting Servlet engine: [Apache Tomcat/10.1.34]
2025-03-07T11:17:44.741+05:30  INFO 30632 --- [spring-boot-spring-book-management] [restartedMain] o.a.c.c.C.[Tomcat].[localhost].[/]       : Initializing Spring embedded WebApplicationContext
2025-03-07T11:17:44.742+05:30  INFO 30632 --- [spring-boot-spring-book-management] [restartedMain] w.s.c.ServletWebServerApplicationContext : Root WebApplicationContext: initialization completed in 2384 ms
2025-03-07T11:17:45.111+05:30  INFO 30632 --- [spring-boot-spring-book-management] [restartedMain] o.hibernate.jpa.internal.util.LogHelper  : HHH000204: Processing PersistenceUnitInfo [name: default]
2025-03-07T11:17:45.165+05:30  INFO 30632 --- [spring-boot-spring-book-management] [restartedMain] org.hibernate.Version                    : HHH000412: Hibernate ORM core version 6.6.5.Final
2025-03-07T11:17:45.205+05:30  INFO 30632 --- [spring-boot-spring-book-management] [restartedMain] o.h.c.internal.RegionFactoryInitiator    : HHH000026: Second-level cache disabled
2025-03-07T11:17:45.466+05:30  INFO 30632 --- [spring-boot-spring-book-management] [restartedMain] o.s.o.j.p.SpringPersistenceUnitInfo      : No LoadTimeWeaver setup: ignoring JPA class transformer
2025-03-07T11:17:45.497+05:30  INFO 30632 --- [spring-boot-spring-book-management] [restartedMain] com.zaxxer.hikari.HikariDataSource       : HikariPool-1 - Starting...
2025-03-07T11:17:45.646+05:30  INFO 30632 --- [spring-boot-spring-book-management] [restartedMain] com.zaxxer.hikari.pool.HikariPool        : HikariPool-1 - Added connection com.mysql.cj.jdbc.ConnectionImpl@4d8e0864
2025-03-07T11:17:45.647+05:30  INFO 30632 --- [spring-boot-spring-book-management] [restartedMain] com.zaxxer.hikari.HikariDataSource       : HikariPool-1 - Start completed.
2025-03-07T11:17:45.714+05:30  WARN 30632 --- [spring-boot-spring-book-management] [restartedMain] org.hibernate.orm.deprecation            : HHH90000025: MySQLDialect does not need to be specified explicitly using 'hibernate.dialect' (remove the property setting and it will be selected by default)
2025-03-07T11:17:45.728+05:30  INFO 30632 --- [spring-boot-spring-book-management] [restartedMain] org.hibernate.orm.connections.pooling    : HHH10001005: Database info:
	Database JDBC URL [Connecting through datasource 'HikariDataSource (HikariPool-1)']
	Database driver: undefined/unknown
	Database version: 8.0.40
	Autocommit mode: undefined/unknown
	Isolation level: undefined/unknown
	Minimum pool size: undefined/unknown
	Maximum pool size: undefined/unknown
2025-03-07T11:17:46.541+05:30  INFO 30632 --- [spring-boot-spring-book-management] [restartedMain] o.h.e.t.j.p.i.JtaPlatformInitiator       : HHH000489: No JTA platform available (set 'hibernate.transaction.jta.platform' to enable JTA platform integration)
2025-03-07T11:17:46.593+05:30  INFO 30632 --- [spring-boot-spring-book-management] [restartedMain] j.LocalContainerEntityManagerFactoryBean : Initialized JPA EntityManagerFactory for persistence unit 'default'
2025-03-07T11:17:46.899+05:30  INFO 30632 --- [spring-boot-spring-book-management] [restartedMain] o.s.d.j.r.query.QueryEnhancerFactory     : Hibernate is in classpath; If applicable, HQL parser will be used.
2025-03-07T11:17:47.640+05:30  WARN 30632 --- [spring-boot-spring-book-management] [restartedMain] JpaBaseConfiguration$JpaWebConfiguration : spring.jpa.open-in-view is enabled by default. Therefore, database queries may be performed during view rendering. Explicitly configure spring.jpa.open-in-view to disable this warning
2025-03-07T11:17:48.623+05:30  WARN 30632 --- [spring-boot-spring-book-management] [restartedMain] o.s.b.d.a.OptionalLiveReloadServer       : Unable to start LiveReload server
2025-03-07T11:17:48.666+05:30  INFO 30632 --- [spring-boot-spring-book-management] [restartedMain] DiscoveryClientOptionalArgsConfiguration : Eureka HTTP Client uses RestTemplate.
2025-03-07T11:17:48.735+05:30  WARN 30632 --- [spring-boot-spring-book-management] [restartedMain] iguration$LoadBalancerCaffeineWarnLogger : Spring Cloud LoadBalancer is currently working with the default cache. While this cache implementation is useful for development and tests, it's recommended to use Caffeine cache in production.You can switch to using Caffeine cache, by adding it and org.springframework.cache.caffeine.CaffeineCacheManager to the classpath.
2025-03-07T11:17:48.746+05:30  INFO 30632 --- [spring-boot-spring-book-management] [restartedMain] o.s.b.a.e.web.EndpointLinksResolver      : Exposing 1 endpoint beneath base path '/actuator'
2025-03-07T11:17:48.866+05:30  INFO 30632 --- [spring-boot-spring-book-management] [restartedMain] o.s.c.n.eureka.InstanceInfoFactory       : Setting initial instance status as: STARTING
2025-03-07T11:17:48.899+05:30  INFO 30632 --- [spring-boot-spring-book-management] [restartedMain] com.netflix.discovery.DiscoveryClient    : Initializing Eureka in region us-east-1
2025-03-07T11:17:48.904+05:30  INFO 30632 --- [spring-boot-spring-book-management] [restartedMain] c.n.d.s.r.aws.ConfigClusterResolver      : Resolving eureka endpoints via configuration
2025-03-07T11:17:48.911+05:30  INFO 30632 --- [spring-boot-spring-book-management] [restartedMain] com.netflix.discovery.DiscoveryClient    : Disable delta property : false
2025-03-07T11:17:48.911+05:30  INFO 30632 --- [spring-boot-spring-book-management] [restartedMain] com.netflix.discovery.DiscoveryClient    : Single vip registry refresh property : null
2025-03-07T11:17:48.911+05:30  INFO 30632 --- [spring-boot-spring-book-management] [restartedMain] com.netflix.discovery.DiscoveryClient    : Force full registry fetch : false
2025-03-07T11:17:48.912+05:30  INFO 30632 --- [spring-boot-spring-book-management] [restartedMain] com.netflix.discovery.DiscoveryClient    : Application is null : false
2025-03-07T11:17:48.912+05:30  INFO 30632 --- [spring-boot-spring-book-management] [restartedMain] com.netflix.discovery.DiscoveryClient    : Registered Applications size is zero : true
2025-03-07T11:17:48.912+05:30  INFO 30632 --- [spring-boot-spring-book-management] [restartedMain] com.netflix.discovery.DiscoveryClient    : Application version is -1: true
2025-03-07T11:17:48.912+05:30  INFO 30632 --- [spring-boot-spring-book-management] [restartedMain] com.netflix.discovery.DiscoveryClient    : Getting all instance registry info from the eureka server
2025-03-07T11:17:49.211+05:30  INFO 30632 --- [spring-boot-spring-book-management] [restartedMain] com.netflix.discovery.DiscoveryClient    : The response status is 200
2025-03-07T11:17:49.214+05:30  INFO 30632 --- [spring-boot-spring-book-management] [restartedMain] com.netflix.discovery.DiscoveryClient    : Starting heartbeat executor: renew interval is: 30
2025-03-07T11:17:49.217+05:30  INFO 30632 --- [spring-boot-spring-book-management] [restartedMain] c.n.discovery.InstanceInfoReplicator     : InstanceInfoReplicator onDemand update allowed rate per min is 4
2025-03-07T11:17:49.218+05:30  INFO 30632 --- [spring-boot-spring-book-management] [restartedMain] com.netflix.discovery.DiscoveryClient    : Discovery Client initialized at timestamp 1741326469218 with initial instances count: 3
2025-03-07T11:17:49.226+05:30  INFO 30632 --- [spring-boot-spring-book-management] [restartedMain] o.s.c.n.e.s.EurekaServiceRegistry        : Registering application SPRING-BOOT-SPRING-BOOK-MANAGEMENT with eureka with status UP
2025-03-07T11:17:49.228+05:30  INFO 30632 --- [spring-boot-spring-book-management] [restartedMain] com.netflix.discovery.DiscoveryClient    : Saw local status change event StatusChangeEvent [timestamp=1741326469228, current=UP, previous=STARTING]
2025-03-07T11:17:49.230+05:30  INFO 30632 --- [spring-boot-spring-book-management] [DiscoveryClient-InstanceInfoReplicator-%d] com.netflix.discovery.DiscoveryClient    : DiscoveryClient_SPRING-BOOT-SPRING-BOOK-MANAGEMENT/LTIN562462.cts.com:spring-boot-spring-book-management:8082: registering service...
2025-03-07T11:17:49.255+05:30  INFO 30632 --- [spring-boot-spring-book-management] [restartedMain] o.s.b.w.embedded.tomcat.TomcatWebServer  : Tomcat started on port 8082 (http) with context path '/'
2025-03-07T11:17:49.256+05:30  INFO 30632 --- [spring-boot-spring-book-management] [restartedMain] .s.c.n.e.s.EurekaAutoServiceRegistration : Updating port to 8082
2025-03-07T11:17:49.271+05:30  INFO 30632 --- [spring-boot-spring-book-management] [restartedMain] pringBootSpringBookManagementApplication : Started SpringBootSpringBookManagementApplication in 9.288 seconds (process running for 10.223)
2025-03-07T11:17:49.285+05:30  INFO 30632 --- [spring-boot-spring-book-management] [DiscoveryClient-InstanceInfoReplicator-%d] com.netflix.discovery.DiscoveryClient    : DiscoveryClient_SPRING-BOOT-SPRING-BOOK-MANAGEMENT/LTIN562462.cts.com:spring-boot-spring-book-management:8082 - registration status: 204
2025-03-07T11:17:49.468+05:30  INFO 30632 --- [spring-boot-spring-book-management] [RMI TCP Connection(8)-127.0.0.1] o.a.c.c.C.[Tomcat].[localhost].[/]       : Initializing Spring DispatcherServlet 'dispatcherServlet'
2025-03-07T11:17:49.468+05:30  INFO 30632 --- [spring-boot-spring-book-management] [RMI TCP Connection(8)-127.0.0.1] o.s.web.servlet.DispatcherServlet        : Initializing Servlet 'dispatcherServlet'
2025-03-07T11:17:49.469+05:30  INFO 30632 --- [spring-boot-spring-book-management] [RMI TCP Connection(8)-127.0.0.1] o.s.web.servlet.DispatcherServlet        : Completed initialization in 1 ms
2025-03-07T11:19:17.189+05:30  INFO 30632 --- [spring-boot-spring-book-management] [http-nio-8082-exec-1] com.example.demo.aop.LoggingAspect       : A method in BookService is about to be executed. Method: getAllBooks, Arguments: []
2025-03-07T11:19:17.412+05:30  INFO 30632 --- [spring-boot-spring-book-management] [http-nio-8082-exec-1] com.example.demo.aop.LoggingAspect       : A method in BookService has executed successfully. Method: getAllBooks, Result: [Book(id=2, title=Becoming, author=Michelle Obama, genre=Biography, Memoir, price=14.99), Book(id=3, title=The Hobbit, author=J.R.R. Tolkien, genre=Fantasy, price=10.99), Book(id=4, title=Sapiens: A Brief History of Humankind, author=Yuval Noah Harari, genre=Non-fiction, History, price=18.99), Book(id=5, title=The Silent Patient, author=Alex Michaelides, genre=Thriller, Mystery, price=12.99), Book(id=6, title=Educated, author=Tara Westover, genre=Memoir, price=13.99), Book(id=7, title=The Catcher in the Rye, author=J.D. Salinger, genre=Fiction, Classic, price=8.99), Book(id=8, title=The Subtle Art of Not Giving a F*ck, author=Mark Manson, genre=Self-help, price=15.99), Book(id=9, title=1984, author=George Orwell, genre=Dystopian, Science Fiction, price=9.99), Book(id=10, title=Where the Crawdads Sing, author=Delia Owens, genre=Fiction, Mystery, price=16.99)]
2025-03-07T11:19:18.815+05:30  INFO 30632 --- [spring-boot-spring-book-management] [http-nio-8082-exec-2] com.example.demo.aop.LoggingAspect       : A method in BookService is about to be executed. Method: getBookById, Arguments: [2]
2025-03-07T11:19:18.815+05:30  INFO 30632 --- [spring-boot-spring-book-management] [http-nio-8082-exec-3] com.example.demo.aop.LoggingAspect       : A method in BookService is about to be executed. Method: getBookById, Arguments: [3]
2025-03-07T11:19:18.844+05:30  INFO 30632 --- [spring-boot-spring-book-management] [http-nio-8082-exec-3] com.example.demo.aop.LoggingAspect       : A method in BookService has executed successfully. Method: getBookById, Result: Optional[Book(id=3, title=The Hobbit, author=J.R.R. Tolkien, genre=Fantasy, price=10.99)]
2025-03-07T11:19:18.844+05:30  INFO 30632 --- [spring-boot-spring-book-management] [http-nio-8082-exec-2] com.example.demo.aop.LoggingAspect       : A method in BookService has executed successfully. Method: getBookById, Result: Optional[Book(id=2, title=Becoming, author=Michelle Obama, genre=Biography, Memoir, price=14.99)]
2025-03-07T11:22:48.929+05:30  INFO 30632 --- [spring-boot-spring-book-management] [AsyncResolver-bootstrap-executor-%d] c.n.d.s.r.aws.ConfigClusterResolver      : Resolving eureka endpoints via configuration
2025-03-07T11:27:48.941+05:30  INFO 30632 --- [spring-boot-spring-book-management] [AsyncResolver-bootstrap-executor-%d] c.n.d.s.r.aws.ConfigClusterResolver      : Resolving eureka endpoints via configuration
2025-03-07T11:32:48.954+05:30  INFO 30632 --- [spring-boot-spring-book-management] [AsyncResolver-bootstrap-executor-%d] c.n.d.s.r.aws.ConfigClusterResolver      : Resolving eureka endpoints via configuration
2025-03-07T11:37:48.957+05:30  INFO 30632 --- [spring-boot-spring-book-management] [AsyncResolver-bootstrap-executor-%d] c.n.d.s.r.aws.ConfigClusterResolver      : Resolving eureka endpoints via configuration
2025-03-07T11:42:48.960+05:30  INFO 30632 --- [spring-boot-spring-book-management] [AsyncResolver-bootstrap-executor-%d] c.n.d.s.r.aws.ConfigClusterResolver      : Resolving eureka endpoints via configuration
2025-03-07T11:47:48.963+05:30  INFO 30632 --- [spring-boot-spring-book-management] [AsyncResolver-bootstrap-executor-%d] c.n.d.s.r.aws.ConfigClusterResolver      : Resolving eureka endpoints via configuration
2025-03-07T11:51:50.467+05:30  WARN 30632 --- [spring-boot-spring-book-management] [HikariPool-1 housekeeper] com.zaxxer.hikari.pool.HikariPool        : HikariPool-1 - Thread starvation or clock leap detected (housekeeper delta=1m4s44ms425µs299ns).
2025-03-07T11:53:23.004+05:30  INFO 30632 --- [spring-boot-spring-book-management] [AsyncResolver-bootstrap-executor-%d] c.n.d.s.r.aws.ConfigClusterResolver      : Resolving eureka endpoints via configuration
2025-03-07T11:58:23.048+05:30  INFO 30632 --- [spring-boot-spring-book-management] [AsyncResolver-bootstrap-executor-%d] c.n.d.s.r.aws.ConfigClusterResolver      : Resolving eureka endpoints via configuration
2025-03-07T12:03:23.057+05:30  INFO 30632 --- [spring-boot-spring-book-management] [AsyncResolver-bootstrap-executor-%d] c.n.d.s.r.aws.ConfigClusterResolver      : Resolving eureka endpoints via configuration
2025-03-07T12:04:06.171+05:30  WARN 30632 --- [spring-boot-spring-book-management] [HikariPool-1 housekeeper] com.zaxxer.hikari.pool.HikariPool        : HikariPool-1 - Thread starvation or clock leap detected (housekeeper delta=45s301ms152µs400ns).
2025-03-07T12:08:38.355+05:30  INFO 30632 --- [spring-boot-spring-book-management] [AsyncResolver-bootstrap-executor-%d] c.n.d.s.r.aws.ConfigClusterResolver      : Resolving eureka endpoints via configuration
2025-03-07T12:09:16.504+05:30  INFO 30632 --- [spring-boot-spring-book-management] [http-nio-8082-exec-6] com.example.demo.aop.LoggingAspect       : A method in BookService is about to be executed. Method: getAllBooks, Arguments: []
2025-03-07T12:09:16.529+05:30  INFO 30632 --- [spring-boot-spring-book-management] [http-nio-8082-exec-6] com.example.demo.aop.LoggingAspect       : A method in BookService has executed successfully. Method: getAllBooks, Result: [Book(id=2, title=Becoming, author=Michelle Obama, genre=Biography, Memoir, price=14.99), Book(id=3, title=The Hobbit, author=J.R.R. Tolkien, genre=Fantasy, price=10.99), Book(id=4, title=Sapiens: A Brief History of Humankind, author=Yuval Noah Harari, genre=Non-fiction, History, price=18.99), Book(id=5, title=The Silent Patient, author=Alex Michaelides, genre=Thriller, Mystery, price=12.99), Book(id=6, title=Educated, author=Tara Westover, genre=Memoir, price=13.99), Book(id=7, title=The Catcher in the Rye, author=J.D. Salinger, genre=Fiction, Classic, price=8.99), Book(id=8, title=The Subtle Art of Not Giving a F*ck, author=Mark Manson, genre=Self-help, price=15.99), Book(id=9, title=1984, author=George Orwell, genre=Dystopian, Science Fiction, price=9.99), Book(id=10, title=Where the Crawdads Sing, author=Delia Owens, genre=Fiction, Mystery, price=16.99)]
2025-03-07T12:13:38.359+05:30  INFO 30632 --- [spring-boot-spring-book-management] [AsyncResolver-bootstrap-executor-%d] c.n.d.s.r.aws.ConfigClusterResolver      : Resolving eureka endpoints via configuration
2025-03-07T12:18:38.362+05:30  INFO 30632 --- [spring-boot-spring-book-management] [AsyncResolver-bootstrap-executor-%d] c.n.d.s.r.aws.ConfigClusterResolver      : Resolving eureka endpoints via configuration
2025-03-07T12:23:38.376+05:30  INFO 30632 --- [spring-boot-spring-book-management] [AsyncResolver-bootstrap-executor-%d] c.n.d.s.r.aws.ConfigClusterResolver      : Resolving eureka endpoints via configuration
2025-03-07T12:28:38.384+05:30  INFO 30632 --- [spring-boot-spring-book-management] [AsyncResolver-bootstrap-executor-%d] c.n.d.s.r.aws.ConfigClusterResolver      : Resolving eureka endpoints via configuration
2025-03-07T12:33:38.400+05:30  INFO 30632 --- [spring-boot-spring-book-management] [AsyncResolver-bootstrap-executor-%d] c.n.d.s.r.aws.ConfigClusterResolver      : Resolving eureka endpoints via configuration
2025-03-07T12:34:05.709+05:30  INFO 30632 --- [spring-boot-spring-book-management] [http-nio-8082-exec-8] com.example.demo.aop.LoggingAspect       : A method in BookService is about to be executed. Method: getAllBooks, Arguments: []
2025-03-07T12:34:05.723+05:30  INFO 30632 --- [spring-boot-spring-book-management] [http-nio-8082-exec-8] com.example.demo.aop.LoggingAspect       : A method in BookService has executed successfully. Method: getAllBooks, Result: [Book(id=2, title=Becoming, author=Michelle Obama, genre=Biography, Memoir, price=14.99), Book(id=3, title=The Hobbit, author=J.R.R. Tolkien, genre=Fantasy, price=10.99), Book(id=4, title=Sapiens: A Brief History of Humankind, author=Yuval Noah Harari, genre=Non-fiction, History, price=18.99), Book(id=5, title=The Silent Patient, author=Alex Michaelides, genre=Thriller, Mystery, price=12.99), Book(id=6, title=Educated, author=Tara Westover, genre=Memoir, price=13.99), Book(id=7, title=The Catcher in the Rye, author=J.D. Salinger, genre=Fiction, Classic, price=8.99), Book(id=8, title=The Subtle Art of Not Giving a F*ck, author=Mark Manson, genre=Self-help, price=15.99), Book(id=9, title=1984, author=George Orwell, genre=Dystopian, Science Fiction, price=9.99), Book(id=10, title=Where the Crawdads Sing, author=Delia Owens, genre=Fiction, Mystery, price=16.99)]
2025-03-07T12:34:09.373+05:30  INFO 30632 --- [spring-boot-spring-book-management] [http-nio-8082-exec-9] com.example.demo.aop.LoggingAspect       : A method in BookService is about to be executed. Method: getBookById, Arguments: [2]
2025-03-07T12:34:09.399+05:30  INFO 30632 --- [spring-boot-spring-book-management] [http-nio-8082-exec-9] com.example.demo.aop.LoggingAspect       : A method in BookService has executed successfully. Method: getBookById, Result: Optional[Book(id=2, title=Becoming, author=Michelle Obama, genre=Biography, Memoir, price=14.99)]
2025-03-07T12:34:19.008+05:30  INFO 30632 --- [spring-boot-spring-book-management] [http-nio-8082-exec-10] com.example.demo.aop.LoggingAspect       : A method in BookService is about to be executed. Method: getBookById, Arguments: [2]
2025-03-07T12:34:19.019+05:30  INFO 30632 --- [spring-boot-spring-book-management] [http-nio-8082-exec-10] com.example.demo.aop.LoggingAspect       : A method in BookService has executed successfully. Method: getBookById, Result: Optional[Book(id=2, title=Becoming, author=Michelle Obama, genre=Biography, Memoir, price=14.99)]
2025-03-07T12:34:25.019+05:30  INFO 30632 --- [spring-boot-spring-book-management] [http-nio-8082-exec-1] com.example.demo.aop.LoggingAspect       : A method in BookService is about to be executed. Method: getBookById, Arguments: [2]
2025-03-07T12:34:25.027+05:30  INFO 30632 --- [spring-boot-spring-book-management] [http-nio-8082-exec-1] com.example.demo.aop.LoggingAspect       : A method in BookService has executed successfully. Method: getBookById, Result: Optional[Book(id=2, title=Becoming, author=Michelle Obama, genre=Biography, Memoir, price=14.99)]
2025-03-07T12:34:36.299+05:30  INFO 30632 --- [spring-boot-spring-book-management] [http-nio-8082-exec-2] com.example.demo.aop.LoggingAspect       : A method in BookService is about to be executed. Method: getBookById, Arguments: [2]
2025-03-07T12:34:36.307+05:30  INFO 30632 --- [spring-boot-spring-book-management] [http-nio-8082-exec-2] com.example.demo.aop.LoggingAspect       : A method in BookService has executed successfully. Method: getBookById, Result: Optional[Book(id=2, title=Becoming, author=Michelle Obama, genre=Biography, Memoir, price=14.99)]
2025-03-07T12:34:36.901+05:30  INFO 30632 --- [spring-boot-spring-book-management] [http-nio-8082-exec-3] com.example.demo.aop.LoggingAspect       : A method in BookService is about to be executed. Method: getBookById, Arguments: [2]
2025-03-07T12:34:36.908+05:30  INFO 30632 --- [spring-boot-spring-book-management] [http-nio-8082-exec-3] com.example.demo.aop.LoggingAspect       : A method in BookService has executed successfully. Method: getBookById, Result: Optional[Book(id=2, title=Becoming, author=Michelle Obama, genre=Biography, Memoir, price=14.99)]
2025-03-07T12:34:51.882+05:30  INFO 30632 --- [spring-boot-spring-book-management] [http-nio-8082-exec-4] com.example.demo.aop.LoggingAspect       : A method in BookService is about to be executed. Method: getBookById, Arguments: [3]
2025-03-07T12:34:51.883+05:30  INFO 30632 --- [spring-boot-spring-book-management] [http-nio-8082-exec-5] com.example.demo.aop.LoggingAspect       : A method in BookService is about to be executed. Method: getBookById, Arguments: [2]
2025-03-07T12:34:51.891+05:30  INFO 30632 --- [spring-boot-spring-book-management] [http-nio-8082-exec-4] com.example.demo.aop.LoggingAspect       : A method in BookService has executed successfully. Method: getBookById, Result: Optional[Book(id=3, title=The Hobbit, author=J.R.R. Tolkien, genre=Fantasy, price=10.99)]
2025-03-07T12:34:51.899+05:30  INFO 30632 --- [spring-boot-spring-book-management] [http-nio-8082-exec-5] com.example.demo.aop.LoggingAspect       : A method in BookService has executed successfully. Method: getBookById, Result: Optional[Book(id=2, title=Becoming, author=Michelle Obama, genre=Biography, Memoir, price=14.99)]
2025-03-07T12:34:51.973+05:30  INFO 30632 --- [spring-boot-spring-book-management] [http-nio-8082-exec-6] com.example.demo.aop.LoggingAspect       : A method in BookService is about to be executed. Method: getBookById, Arguments: [2]
2025-03-07T12:34:51.983+05:30  INFO 30632 --- [spring-boot-spring-book-management] [http-nio-8082-exec-6] com.example.demo.aop.LoggingAspect       : A method in BookService has executed successfully. Method: getBookById, Result: Optional[Book(id=2, title=Becoming, author=Michelle Obama, genre=Biography, Memoir, price=14.99)]
2025-03-07T12:35:12.572+05:30  INFO 30632 --- [spring-boot-spring-book-management] [http-nio-8082-exec-7] com.example.demo.aop.LoggingAspect       : A method in BookService is about to be executed. Method: getAllBooks, Arguments: []
2025-03-07T12:35:12.591+05:30  INFO 30632 --- [spring-boot-spring-book-management] [http-nio-8082-exec-7] com.example.demo.aop.LoggingAspect       : A method in BookService has executed successfully. Method: getAllBooks, Result: [Book(id=2, title=Becoming, author=Michelle Obama, genre=Biography, Memoir, price=14.99), Book(id=3, title=The Hobbit, author=J.R.R. Tolkien, genre=Fantasy, price=10.99), Book(id=4, title=Sapiens: A Brief History of Humankind, author=Yuval Noah Harari, genre=Non-fiction, History, price=18.99), Book(id=5, title=The Silent Patient, author=Alex Michaelides, genre=Thriller, Mystery, price=12.99), Book(id=6, title=Educated, author=Tara Westover, genre=Memoir, price=13.99), Book(id=7, title=The Catcher in the Rye, author=J.D. Salinger, genre=Fiction, Classic, price=8.99), Book(id=8, title=The Subtle Art of Not Giving a F*ck, author=Mark Manson, genre=Self-help, price=15.99), Book(id=9, title=1984, author=George Orwell, genre=Dystopian, Science Fiction, price=9.99), Book(id=10, title=Where the Crawdads Sing, author=Delia Owens, genre=Fiction, Mystery, price=16.99)]
2025-03-07T12:35:36.358+05:30  INFO 30632 --- [spring-boot-spring-book-management] [http-nio-8082-exec-8] com.example.demo.aop.LoggingAspect       : A method in BookService is about to be executed. Method: saveBook, Arguments: [Book(id=null, title=123, author=ajks, genre=sa, price=12.0)]
2025-03-07T12:35:36.597+05:30  INFO 30632 --- [spring-boot-spring-book-management] [http-nio-8082-exec-8] com.example.demo.aop.LoggingAspect       : A method in BookService has executed successfully. Method: saveBook, Result: Book(id=11, title=123, author=ajks, genre=sa, price=12.0)
2025-03-07T12:36:08.213+05:30  INFO 30632 --- [spring-boot-spring-book-management] [http-nio-8082-exec-9] com.example.demo.aop.LoggingAspect       : A method in BookService is about to be executed. Method: saveBook, Arguments: [Book(id=null, title=Ak, author=sms, genre=snsa, price=-1.0)]
2025-03-07T12:36:08.272+05:30 ERROR 30632 --- [spring-boot-spring-book-management] [http-nio-8082-exec-9] com.example.demo.aop.LoggingAspect       : An error occurred in BookService. Method: saveBook, Error: Validation failed for classes [com.example.demo.entity.Book] during persist time for groups [jakarta.validation.groups.Default, ]
List of constraint violations:[
	ConstraintViolationImpl{interpolatedMessage='Price must be positive', propertyPath=price, rootBeanClass=class com.example.demo.entity.Book, messageTemplate='Price must be positive'}
]
2025-03-07T12:36:08.290+05:30  WARN 30632 --- [spring-boot-spring-book-management] [http-nio-8082-exec-9] .m.m.a.ExceptionHandlerExceptionResolver : Resolved [jakarta.validation.ConstraintViolationException: Validation failed for classes [com.example.demo.entity.Book] during persist time for groups [jakarta.validation.groups.Default, ]<EOL>List of constraint violations:[<EOL>?ConstraintViolationImpl{interpolatedMessage='Price must be positive', propertyPath=price, rootBeanClass=class com.example.demo.entity.Book, messageTemplate='Price must be positive'}<EOL>]]
2025-03-07T12:36:10.891+05:30  INFO 30632 --- [spring-boot-spring-book-management] [http-nio-8082-exec-10] com.example.demo.aop.LoggingAspect       : A method in BookService is about to be executed. Method: saveBook, Arguments: [Book(id=null, title=Ak, author=sms, genre=snsa, price=-1.0)]
2025-03-07T12:36:10.897+05:30 ERROR 30632 --- [spring-boot-spring-book-management] [http-nio-8082-exec-10] com.example.demo.aop.LoggingAspect       : An error occurred in BookService. Method: saveBook, Error: Validation failed for classes [com.example.demo.entity.Book] during persist time for groups [jakarta.validation.groups.Default, ]
List of constraint violations:[
	ConstraintViolationImpl{interpolatedMessage='Price must be positive', propertyPath=price, rootBeanClass=class com.example.demo.entity.Book, messageTemplate='Price must be positive'}
]
2025-03-07T12:36:10.905+05:30  WARN 30632 --- [spring-boot-spring-book-management] [http-nio-8082-exec-10] .m.m.a.ExceptionHandlerExceptionResolver : Resolved [jakarta.validation.ConstraintViolationException: Validation failed for classes [com.example.demo.entity.Book] during persist time for groups [jakarta.validation.groups.Default, ]<EOL>List of constraint violations:[<EOL>?ConstraintViolationImpl{interpolatedMessage='Price must be positive', propertyPath=price, rootBeanClass=class com.example.demo.entity.Book, messageTemplate='Price must be positive'}<EOL>]]
2025-03-07T12:36:16.267+05:30  INFO 30632 --- [spring-boot-spring-book-management] [http-nio-8082-exec-1] com.example.demo.aop.LoggingAspect       : A method in BookService is about to be executed. Method: saveBook, Arguments: [Book(id=null, title=Ak, author=sms, genre=snsa, price=-1.0)]
2025-03-07T12:36:16.273+05:30 ERROR 30632 --- [spring-boot-spring-book-management] [http-nio-8082-exec-1] com.example.demo.aop.LoggingAspect       : An error occurred in BookService. Method: saveBook, Error: Validation failed for classes [com.example.demo.entity.Book] during persist time for groups [jakarta.validation.groups.Default, ]
List of constraint violations:[
	ConstraintViolationImpl{interpolatedMessage='Price must be positive', propertyPath=price, rootBeanClass=class com.example.demo.entity.Book, messageTemplate='Price must be positive'}
]
2025-03-07T12:36:16.278+05:30  WARN 30632 --- [spring-boot-spring-book-management] [http-nio-8082-exec-1] .m.m.a.ExceptionHandlerExceptionResolver : Resolved [jakarta.validation.ConstraintViolationException: Validation failed for classes [com.example.demo.entity.Book] during persist time for groups [jakarta.validation.groups.Default, ]<EOL>List of constraint violations:[<EOL>?ConstraintViolationImpl{interpolatedMessage='Price must be positive', propertyPath=price, rootBeanClass=class com.example.demo.entity.Book, messageTemplate='Price must be positive'}<EOL>]]
2025-03-07T12:38:38.404+05:30  INFO 30632 --- [spring-boot-spring-book-management] [AsyncResolver-bootstrap-executor-%d] c.n.d.s.r.aws.ConfigClusterResolver      : Resolving eureka endpoints via configuration
2025-03-07T12:44:08.415+05:30  WARN 30632 --- [spring-boot-spring-book-management] [HikariPool-1 housekeeper] com.zaxxer.hikari.pool.HikariPool        : HikariPool-1 - Thread starvation or clock leap detected (housekeeper delta=2m1s586ms457µs800ns).
2025-03-07T12:45:09.983+05:30  INFO 30632 --- [spring-boot-spring-book-management] [AsyncResolver-bootstrap-executor-%d] c.n.d.s.r.aws.ConfigClusterResolver      : Resolving eureka endpoints via configuration
2025-03-07T12:50:09.993+05:30  INFO 30632 --- [spring-boot-spring-book-management] [AsyncResolver-bootstrap-executor-%d] c.n.d.s.r.aws.ConfigClusterResolver      : Resolving eureka endpoints via configuration
2025-03-07T12:55:10.002+05:30  INFO 30632 --- [spring-boot-spring-book-management] [AsyncResolver-bootstrap-executor-%d] c.n.d.s.r.aws.ConfigClusterResolver      : Resolving eureka endpoints via configuration
2025-03-07T12:57:42.448+05:30  WARN 30632 --- [spring-boot-spring-book-management] [HikariPool-1 housekeeper] com.zaxxer.hikari.pool.HikariPool        : HikariPool-1 - Thread starvation or clock leap detected (housekeeper delta=1m33s830ms761µs800ns).
2025-03-07T13:01:13.828+05:30  INFO 30632 --- [spring-boot-spring-book-management] [AsyncResolver-bootstrap-executor-%d] c.n.d.s.r.aws.ConfigClusterResolver      : Resolving eureka endpoints via configuration
2025-03-07T13:06:13.839+05:30  INFO 30632 --- [spring-boot-spring-book-management] [AsyncResolver-bootstrap-executor-%d] c.n.d.s.r.aws.ConfigClusterResolver      : Resolving eureka endpoints via configuration
2025-03-07T13:09:50.790+05:30  WARN 30632 --- [spring-boot-spring-book-management] [HikariPool-1 housekeeper] com.zaxxer.hikari.pool.HikariPool        : HikariPool-1 - Thread starvation or clock leap detected (housekeeper delta=1m8s146ms674µs600ns).
2025-03-07T13:11:51.972+05:30  INFO 30632 --- [spring-boot-spring-book-management] [AsyncResolver-bootstrap-executor-%d] c.n.d.s.r.aws.ConfigClusterResolver      : Resolving eureka endpoints via configuration
2025-03-07T13:49:56.483+05:30  WARN 30632 --- [spring-boot-spring-book-management] [HikariPool-1 housekeeper] com.zaxxer.hikari.pool.HikariPool        : HikariPool-1 - Thread starvation or clock leap detected (housekeeper delta=37m23s773ms377µs).
2025-03-07T13:53:57.630+05:30  INFO 30632 --- [spring-boot-spring-book-management] [AsyncResolver-bootstrap-executor-%d] c.n.d.s.r.aws.ConfigClusterResolver      : Resolving eureka endpoints via configuration
2025-03-07T13:58:57.634+05:30  INFO 30632 --- [spring-boot-spring-book-management] [AsyncResolver-bootstrap-executor-%d] c.n.d.s.r.aws.ConfigClusterResolver      : Resolving eureka endpoints via configuration
2025-03-07T14:03:57.638+05:30  INFO 30632 --- [spring-boot-spring-book-management] [AsyncResolver-bootstrap-executor-%d] c.n.d.s.r.aws.ConfigClusterResolver      : Resolving eureka endpoints via configuration
2025-03-07T14:08:57.640+05:30  INFO 30632 --- [spring-boot-spring-book-management] [AsyncResolver-bootstrap-executor-%d] c.n.d.s.r.aws.ConfigClusterResolver      : Resolving eureka endpoints via configuration
2025-03-07T14:13:57.651+05:30  INFO 30632 --- [spring-boot-spring-book-management] [AsyncResolver-bootstrap-executor-%d] c.n.d.s.r.aws.ConfigClusterResolver      : Resolving eureka endpoints via configuration
2025-03-07T14:18:57.658+05:30  INFO 30632 --- [spring-boot-spring-book-management] [AsyncResolver-bootstrap-executor-%d] c.n.d.s.r.aws.ConfigClusterResolver      : Resolving eureka endpoints via configuration
