2025-03-07T11:16:37.232+05:30  INFO 30764 --- [spring-boot-spring-book-order] [restartedMain] e.d.SpringBootSpringBookOrderApplication : Starting SpringBootSpringBookOrderApplication using Java 21.0.5 with PID 30764 (C:\Users\2380222\Documents\BookStore\spring-boot-spring-book-order\target\classes started by 2380222 in C:\Users\2380222\Documents\BookStore\spring-boot-spring-book-order)
2025-03-07T11:16:37.239+05:30  INFO 30764 --- [spring-boot-spring-book-order] [restartedMain] e.d.SpringBootSpringBookOrderApplication : No active profile set, falling back to 1 default profile: "default"
2025-03-07T11:16:37.289+05:30  INFO 30764 --- [spring-boot-spring-book-order] [restartedMain] o.s.c.c.c.ConfigServerConfigDataLoader   : Fetching config from server at : http://localhost:1234
2025-03-07T11:16:37.289+05:30  INFO 30764 --- [spring-boot-spring-book-order] [restartedMain] o.s.c.c.c.ConfigServerConfigDataLoader   : Located environment: name=spring-boot-spring-book-order, profiles=[default], label=null, version=705d224b50e3413c6f1316a9f15184be40c6d9e6, state=
2025-03-07T11:16:37.293+05:30  INFO 30764 --- [spring-boot-spring-book-order] [restartedMain] .e.DevToolsPropertyDefaultsPostProcessor : Devtools property defaults active! Set 'spring.devtools.add-properties' to 'false' to disable
2025-03-07T11:16:37.293+05:30  INFO 30764 --- [spring-boot-spring-book-order] [restartedMain] .e.DevToolsPropertyDefaultsPostProcessor : For additional web related logging consider setting the 'logging.level.web' property to 'DEBUG'
2025-03-07T11:16:38.487+05:30  INFO 30764 --- [spring-boot-spring-book-order] [restartedMain] .s.d.r.c.RepositoryConfigurationDelegate : Bootstrapping Spring Data JPA repositories in DEFAULT mode.
2025-03-07T11:16:38.708+05:30  INFO 30764 --- [spring-boot-spring-book-order] [restartedMain] .s.d.r.c.RepositoryConfigurationDelegate : Finished Spring Data repository scanning in 211 ms. Found 1 JPA repository interface.
2025-03-07T11:16:39.128+05:30  INFO 30764 --- [spring-boot-spring-book-order] [restartedMain] o.s.cloud.context.scope.GenericScope     : BeanFactory id=8bd8534b-2f14-37c6-bbd1-17a6dfe6dadc
2025-03-07T11:16:40.704+05:30  INFO 30764 --- [spring-boot-spring-book-order] [restartedMain] o.s.b.w.embedded.tomcat.TomcatWebServer  : Tomcat initialized with port 8084 (http)
2025-03-07T11:16:40.746+05:30  INFO 30764 --- [spring-boot-spring-book-order] [restartedMain] o.apache.catalina.core.StandardService   : Starting service [Tomcat]
2025-03-07T11:16:40.751+05:30  INFO 30764 --- [spring-boot-spring-book-order] [restartedMain] o.apache.catalina.core.StandardEngine    : Starting Servlet engine: [Apache Tomcat/10.1.34]
2025-03-07T11:16:40.954+05:30  INFO 30764 --- [spring-boot-spring-book-order] [restartedMain] o.a.c.c.C.[Tomcat].[localhost].[/]       : Initializing Spring embedded WebApplicationContext
2025-03-07T11:16:40.954+05:30  INFO 30764 --- [spring-boot-spring-book-order] [restartedMain] w.s.c.ServletWebServerApplicationContext : Root WebApplicationContext: initialization completed in 3661 ms
2025-03-07T11:16:41.308+05:30  INFO 30764 --- [spring-boot-spring-book-order] [restartedMain] o.hibernate.jpa.internal.util.LogHelper  : HHH000204: Processing PersistenceUnitInfo [name: default]
2025-03-07T11:16:41.435+05:30  INFO 30764 --- [spring-boot-spring-book-order] [restartedMain] org.hibernate.Version                    : HHH000412: Hibernate ORM core version 6.6.5.Final
2025-03-07T11:16:41.545+05:30  INFO 30764 --- [spring-boot-spring-book-order] [restartedMain] o.h.c.internal.RegionFactoryInitiator    : HHH000026: Second-level cache disabled
2025-03-07T11:16:42.532+05:30  INFO 30764 --- [spring-boot-spring-book-order] [restartedMain] o.s.o.j.p.SpringPersistenceUnitInfo      : No LoadTimeWeaver setup: ignoring JPA class transformer
2025-03-07T11:16:42.641+05:30  INFO 30764 --- [spring-boot-spring-book-order] [restartedMain] com.zaxxer.hikari.HikariDataSource       : HikariPool-1 - Starting...
2025-03-07T11:16:43.631+05:30  INFO 30764 --- [spring-boot-spring-book-order] [restartedMain] com.zaxxer.hikari.pool.HikariPool        : HikariPool-1 - Added connection com.mysql.cj.jdbc.ConnectionImpl@2db0574d
2025-03-07T11:16:43.633+05:30  INFO 30764 --- [spring-boot-spring-book-order] [restartedMain] com.zaxxer.hikari.HikariDataSource       : HikariPool-1 - Start completed.
2025-03-07T11:16:43.790+05:30  WARN 30764 --- [spring-boot-spring-book-order] [restartedMain] org.hibernate.orm.deprecation            : HHH90000025: MySQLDialect does not need to be specified explicitly using 'hibernate.dialect' (remove the property setting and it will be selected by default)
2025-03-07T11:16:43.851+05:30  INFO 30764 --- [spring-boot-spring-book-order] [restartedMain] org.hibernate.orm.connections.pooling    : HHH10001005: Database info:
	Database JDBC URL [Connecting through datasource 'HikariDataSource (HikariPool-1)']
	Database driver: undefined/unknown
	Database version: 8.0.40
	Autocommit mode: undefined/unknown
	Isolation level: undefined/unknown
	Minimum pool size: undefined/unknown
	Maximum pool size: undefined/unknown
2025-03-07T11:16:46.823+05:30  INFO 30764 --- [spring-boot-spring-book-order] [restartedMain] o.h.e.t.j.p.i.JtaPlatformInitiator       : HHH000489: No JTA platform available (set 'hibernate.transaction.jta.platform' to enable JTA platform integration)
2025-03-07T11:16:47.013+05:30  INFO 30764 --- [spring-boot-spring-book-order] [restartedMain] j.LocalContainerEntityManagerFactoryBean : Initialized JPA EntityManagerFactory for persistence unit 'default'
2025-03-07T11:16:48.024+05:30  WARN 30764 --- [spring-boot-spring-book-order] [restartedMain] JpaBaseConfiguration$JpaWebConfiguration : spring.jpa.open-in-view is enabled by default. Therefore, database queries may be performed during view rendering. Explicitly configure spring.jpa.open-in-view to disable this warning
2025-03-07T11:16:49.348+05:30  WARN 30764 --- [spring-boot-spring-book-order] [restartedMain] o.s.b.d.a.OptionalLiveReloadServer       : Unable to start LiveReload server
2025-03-07T11:16:49.523+05:30  INFO 30764 --- [spring-boot-spring-book-order] [restartedMain] DiscoveryClientOptionalArgsConfiguration : Eureka HTTP Client uses RestTemplate.
2025-03-07T11:16:49.631+05:30  WARN 30764 --- [spring-boot-spring-book-order] [restartedMain] iguration$LoadBalancerCaffeineWarnLogger : Spring Cloud LoadBalancer is currently working with the default cache. While this cache implementation is useful for development and tests, it's recommended to use Caffeine cache in production.You can switch to using Caffeine cache, by adding it and org.springframework.cache.caffeine.CaffeineCacheManager to the classpath.
2025-03-07T11:16:49.780+05:30  INFO 30764 --- [spring-boot-spring-book-order] [restartedMain] o.s.c.n.eureka.InstanceInfoFactory       : Setting initial instance status as: STARTING
2025-03-07T11:16:49.866+05:30  INFO 30764 --- [spring-boot-spring-book-order] [restartedMain] com.netflix.discovery.DiscoveryClient    : Initializing Eureka in region us-east-1
2025-03-07T11:16:49.877+05:30  INFO 30764 --- [spring-boot-spring-book-order] [restartedMain] c.n.d.s.r.aws.ConfigClusterResolver      : Resolving eureka endpoints via configuration
2025-03-07T11:16:49.903+05:30  INFO 30764 --- [spring-boot-spring-book-order] [restartedMain] com.netflix.discovery.DiscoveryClient    : Disable delta property : false
2025-03-07T11:16:49.903+05:30  INFO 30764 --- [spring-boot-spring-book-order] [restartedMain] com.netflix.discovery.DiscoveryClient    : Single vip registry refresh property : null
2025-03-07T11:16:49.903+05:30  INFO 30764 --- [spring-boot-spring-book-order] [restartedMain] com.netflix.discovery.DiscoveryClient    : Force full registry fetch : false
2025-03-07T11:16:49.903+05:30  INFO 30764 --- [spring-boot-spring-book-order] [restartedMain] com.netflix.discovery.DiscoveryClient    : Application is null : false
2025-03-07T11:16:49.903+05:30  INFO 30764 --- [spring-boot-spring-book-order] [restartedMain] com.netflix.discovery.DiscoveryClient    : Registered Applications size is zero : true
2025-03-07T11:16:49.903+05:30  INFO 30764 --- [spring-boot-spring-book-order] [restartedMain] com.netflix.discovery.DiscoveryClient    : Application version is -1: true
2025-03-07T11:16:49.903+05:30  INFO 30764 --- [spring-boot-spring-book-order] [restartedMain] com.netflix.discovery.DiscoveryClient    : Getting all instance registry info from the eureka server
2025-03-07T11:16:50.593+05:30  INFO 30764 --- [spring-boot-spring-book-order] [restartedMain] com.netflix.discovery.DiscoveryClient    : The response status is 200
2025-03-07T11:16:50.602+05:30  INFO 30764 --- [spring-boot-spring-book-order] [restartedMain] com.netflix.discovery.DiscoveryClient    : Starting heartbeat executor: renew interval is: 30
2025-03-07T11:16:50.608+05:30  INFO 30764 --- [spring-boot-spring-book-order] [restartedMain] c.n.discovery.InstanceInfoReplicator     : InstanceInfoReplicator onDemand update allowed rate per min is 4
2025-03-07T11:16:50.615+05:30  INFO 30764 --- [spring-boot-spring-book-order] [restartedMain] com.netflix.discovery.DiscoveryClient    : Discovery Client initialized at timestamp 1741326410615 with initial instances count: 1
2025-03-07T11:16:50.623+05:30  INFO 30764 --- [spring-boot-spring-book-order] [restartedMain] o.s.c.n.e.s.EurekaServiceRegistry        : Registering application SPRING-BOOT-SPRING-BOOK-ORDER with eureka with status UP
2025-03-07T11:16:50.623+05:30  INFO 30764 --- [spring-boot-spring-book-order] [restartedMain] com.netflix.discovery.DiscoveryClient    : Saw local status change event StatusChangeEvent [timestamp=1741326410623, current=UP, previous=STARTING]
2025-03-07T11:16:50.632+05:30  INFO 30764 --- [spring-boot-spring-book-order] [DiscoveryClient-InstanceInfoReplicator-%d] com.netflix.discovery.DiscoveryClient    : DiscoveryClient_SPRING-BOOT-SPRING-BOOK-ORDER/LTIN562462.cts.com:spring-boot-spring-book-order:8084: registering service...
2025-03-07T11:16:50.679+05:30  INFO 30764 --- [spring-boot-spring-book-order] [restartedMain] o.s.b.w.embedded.tomcat.TomcatWebServer  : Tomcat started on port 8084 (http) with context path '/'
2025-03-07T11:16:50.679+05:30  INFO 30764 --- [spring-boot-spring-book-order] [restartedMain] .s.c.n.e.s.EurekaAutoServiceRegistration : Updating port to 8084
2025-03-07T11:16:50.710+05:30  INFO 30764 --- [spring-boot-spring-book-order] [restartedMain] e.d.SpringBootSpringBookOrderApplication : Started SpringBootSpringBookOrderApplication in 15.635 seconds (process running for 17.199)
2025-03-07T11:16:50.742+05:30  INFO 30764 --- [spring-boot-spring-book-order] [DiscoveryClient-InstanceInfoReplicator-%d] com.netflix.discovery.DiscoveryClient    : DiscoveryClient_SPRING-BOOT-SPRING-BOOK-ORDER/LTIN562462.cts.com:spring-boot-spring-book-order:8084 - registration status: 204
2025-03-07T11:19:18.277+05:30  INFO 30764 --- [spring-boot-spring-book-order] [http-nio-8084-exec-1] o.a.c.c.C.[Tomcat].[localhost].[/]       : Initializing Spring DispatcherServlet 'dispatcherServlet'
2025-03-07T11:19:18.277+05:30  INFO 30764 --- [spring-boot-spring-book-order] [http-nio-8084-exec-1] o.s.web.servlet.DispatcherServlet        : Initializing Servlet 'dispatcherServlet'
2025-03-07T11:19:18.291+05:30  INFO 30764 --- [spring-boot-spring-book-order] [http-nio-8084-exec-1] o.s.web.servlet.DispatcherServlet        : Completed initialization in 14 ms
2025-03-07T11:21:49.916+05:30  INFO 30764 --- [spring-boot-spring-book-order] [AsyncResolver-bootstrap-executor-%d] c.n.d.s.r.aws.ConfigClusterResolver      : Resolving eureka endpoints via configuration
2025-03-07T11:26:49.931+05:30  INFO 30764 --- [spring-boot-spring-book-order] [AsyncResolver-bootstrap-executor-%d] c.n.d.s.r.aws.ConfigClusterResolver      : Resolving eureka endpoints via configuration
2025-03-07T11:31:49.946+05:30  INFO 30764 --- [spring-boot-spring-book-order] [AsyncResolver-bootstrap-executor-%d] c.n.d.s.r.aws.ConfigClusterResolver      : Resolving eureka endpoints via configuration
2025-03-07T11:36:49.958+05:30  INFO 30764 --- [spring-boot-spring-book-order] [AsyncResolver-bootstrap-executor-%d] c.n.d.s.r.aws.ConfigClusterResolver      : Resolving eureka endpoints via configuration
2025-03-07T11:41:49.974+05:30  INFO 30764 --- [spring-boot-spring-book-order] [AsyncResolver-bootstrap-executor-%d] c.n.d.s.r.aws.ConfigClusterResolver      : Resolving eureka endpoints via configuration
2025-03-07T11:46:49.977+05:30  INFO 30764 --- [spring-boot-spring-book-order] [AsyncResolver-bootstrap-executor-%d] c.n.d.s.r.aws.ConfigClusterResolver      : Resolving eureka endpoints via configuration
2025-03-07T11:52:18.412+05:30  WARN 30764 --- [spring-boot-spring-book-order] [HikariPool-1 housekeeper] com.zaxxer.hikari.pool.HikariPool        : HikariPool-1 - Thread starvation or clock leap detected (housekeeper delta=1m4s65ms282µs800ns).
2025-03-07T11:52:24.008+05:30  INFO 30764 --- [spring-boot-spring-book-order] [AsyncResolver-bootstrap-executor-%d] c.n.d.s.r.aws.ConfigClusterResolver      : Resolving eureka endpoints via configuration
2025-03-07T11:57:24.024+05:30  INFO 30764 --- [spring-boot-spring-book-order] [AsyncResolver-bootstrap-executor-%d] c.n.d.s.r.aws.ConfigClusterResolver      : Resolving eureka endpoints via configuration
2025-03-07T12:02:24.040+05:30  INFO 30764 --- [spring-boot-spring-book-order] [AsyncResolver-bootstrap-executor-%d] c.n.d.s.r.aws.ConfigClusterResolver      : Resolving eureka endpoints via configuration
2025-03-07T12:04:03.952+05:30  WARN 30764 --- [spring-boot-spring-book-order] [HikariPool-1 housekeeper] com.zaxxer.hikari.pool.HikariPool        : HikariPool-1 - Thread starvation or clock leap detected (housekeeper delta=45s307ms765µs700ns).
2025-03-07T12:07:39.335+05:30  INFO 30764 --- [spring-boot-spring-book-order] [AsyncResolver-bootstrap-executor-%d] c.n.d.s.r.aws.ConfigClusterResolver      : Resolving eureka endpoints via configuration
2025-03-07T12:12:39.342+05:30  INFO 30764 --- [spring-boot-spring-book-order] [AsyncResolver-bootstrap-executor-%d] c.n.d.s.r.aws.ConfigClusterResolver      : Resolving eureka endpoints via configuration
2025-03-07T12:17:39.353+05:30  INFO 30764 --- [spring-boot-spring-book-order] [AsyncResolver-bootstrap-executor-%d] c.n.d.s.r.aws.ConfigClusterResolver      : Resolving eureka endpoints via configuration
2025-03-07T12:22:39.379+05:30  INFO 30764 --- [spring-boot-spring-book-order] [AsyncResolver-bootstrap-executor-%d] c.n.d.s.r.aws.ConfigClusterResolver      : Resolving eureka endpoints via configuration
2025-03-07T12:27:39.387+05:30  INFO 30764 --- [spring-boot-spring-book-order] [AsyncResolver-bootstrap-executor-%d] c.n.d.s.r.aws.ConfigClusterResolver      : Resolving eureka endpoints via configuration
2025-03-07T12:32:39.402+05:30  INFO 30764 --- [spring-boot-spring-book-order] [AsyncResolver-bootstrap-executor-%d] c.n.d.s.r.aws.ConfigClusterResolver      : Resolving eureka endpoints via configuration
2025-03-07T12:37:39.407+05:30  INFO 30764 --- [spring-boot-spring-book-order] [AsyncResolver-bootstrap-executor-%d] c.n.d.s.r.aws.ConfigClusterResolver      : Resolving eureka endpoints via configuration
2025-03-07T12:44:10.997+05:30  INFO 30764 --- [spring-boot-spring-book-order] [AsyncResolver-bootstrap-executor-%d] c.n.d.s.r.aws.ConfigClusterResolver      : Resolving eureka endpoints via configuration
2025-03-07T12:44:36.196+05:30  WARN 30764 --- [spring-boot-spring-book-order] [HikariPool-1 housekeeper] com.zaxxer.hikari.pool.HikariPool        : HikariPool-1 - Thread starvation or clock leap detected (housekeeper delta=2m1s590ms772µs900ns).
2025-03-07T12:49:11.013+05:30  INFO 30764 --- [spring-boot-spring-book-order] [AsyncResolver-bootstrap-executor-%d] c.n.d.s.r.aws.ConfigClusterResolver      : Resolving eureka endpoints via configuration
2025-03-07T12:54:11.024+05:30  INFO 30764 --- [spring-boot-spring-book-order] [AsyncResolver-bootstrap-executor-%d] c.n.d.s.r.aws.ConfigClusterResolver      : Resolving eureka endpoints via configuration
2025-03-07T12:57:40.276+05:30  WARN 30764 --- [spring-boot-spring-book-order] [HikariPool-1 housekeeper] com.zaxxer.hikari.pool.HikariPool        : HikariPool-1 - Thread starvation or clock leap detected (housekeeper delta=1m33s821ms258µs900ns).
2025-03-07T13:00:14.838+05:30  INFO 30764 --- [spring-boot-spring-book-order] [AsyncResolver-bootstrap-executor-%d] c.n.d.s.r.aws.ConfigClusterResolver      : Resolving eureka endpoints via configuration
2025-03-07T13:05:14.852+05:30  INFO 30764 --- [spring-boot-spring-book-order] [AsyncResolver-bootstrap-executor-%d] c.n.d.s.r.aws.ConfigClusterResolver      : Resolving eureka endpoints via configuration
2025-03-07T13:09:48.610+05:30  WARN 30764 --- [spring-boot-spring-book-order] [HikariPool-1 housekeeper] com.zaxxer.hikari.pool.HikariPool        : HikariPool-1 - Thread starvation or clock leap detected (housekeeper delta=1m8s136ms636µs500ns).
2025-03-07T13:10:52.992+05:30  INFO 30764 --- [spring-boot-spring-book-order] [AsyncResolver-bootstrap-executor-%d] c.n.d.s.r.aws.ConfigClusterResolver      : Resolving eureka endpoints via configuration
2025-03-07T13:49:54.291+05:30  WARN 30764 --- [spring-boot-spring-book-order] [HikariPool-1 housekeeper] com.zaxxer.hikari.pool.HikariPool        : HikariPool-1 - Thread starvation or clock leap detected (housekeeper delta=37m23s764ms204µs900ns).
2025-03-07T13:52:58.642+05:30  INFO 30764 --- [spring-boot-spring-book-order] [AsyncResolver-bootstrap-executor-%d] c.n.d.s.r.aws.ConfigClusterResolver      : Resolving eureka endpoints via configuration
2025-03-07T13:57:58.655+05:30  INFO 30764 --- [spring-boot-spring-book-order] [AsyncResolver-bootstrap-executor-%d] c.n.d.s.r.aws.ConfigClusterResolver      : Resolving eureka endpoints via configuration
2025-03-07T14:02:58.713+05:30  INFO 30764 --- [spring-boot-spring-book-order] [AsyncResolver-bootstrap-executor-%d] c.n.d.s.r.aws.ConfigClusterResolver      : Resolving eureka endpoints via configuration
2025-03-07T14:07:58.720+05:30  INFO 30764 --- [spring-boot-spring-book-order] [AsyncResolver-bootstrap-executor-%d] c.n.d.s.r.aws.ConfigClusterResolver      : Resolving eureka endpoints via configuration
2025-03-07T14:12:58.732+05:30  INFO 30764 --- [spring-boot-spring-book-order] [AsyncResolver-bootstrap-executor-%d] c.n.d.s.r.aws.ConfigClusterResolver      : Resolving eureka endpoints via configuration
2025-03-07T14:17:58.740+05:30  INFO 30764 --- [spring-boot-spring-book-order] [AsyncResolver-bootstrap-executor-%d] c.n.d.s.r.aws.ConfigClusterResolver      : Resolving eureka endpoints via configuration
