2025-03-07T11:17:41.356+05:30  INFO 856 --- [spring-boot-spring-book-cart] [restartedMain] .e.d.SpringBootSpringBookCartApplication : Starting SpringBootSpringBookCartApplication using Java 21.0.5 with PID 856 (C:\Users\2380222\Documents\BookStore\spring-boot-spring-book-cart\target\classes started by 2380222 in C:\Users\2380222\Documents\BookStore\spring-boot-spring-book-cart)
2025-03-07T11:17:41.363+05:30  INFO 856 --- [spring-boot-spring-book-cart] [restartedMain] .e.d.SpringBootSpringBookCartApplication : No active profile set, falling back to 1 default profile: "default"
2025-03-07T11:17:41.427+05:30  INFO 856 --- [spring-boot-spring-book-cart] [restartedMain] o.s.c.c.c.ConfigServerConfigDataLoader   : Fetching config from server at : http://localhost:1234
2025-03-07T11:17:41.429+05:30  INFO 856 --- [spring-boot-spring-book-cart] [restartedMain] o.s.c.c.c.ConfigServerConfigDataLoader   : Located environment: name=spring-boot-spring-book-cart, profiles=[default], label=null, version=705d224b50e3413c6f1316a9f15184be40c6d9e6, state=
2025-03-07T11:17:41.431+05:30  INFO 856 --- [spring-boot-spring-book-cart] [restartedMain] .e.DevToolsPropertyDefaultsPostProcessor : Devtools property defaults active! Set 'spring.devtools.add-properties' to 'false' to disable
2025-03-07T11:17:41.432+05:30  INFO 856 --- [spring-boot-spring-book-cart] [restartedMain] .e.DevToolsPropertyDefaultsPostProcessor : For additional web related logging consider setting the 'logging.level.web' property to 'DEBUG'
2025-03-07T11:17:42.560+05:30  INFO 856 --- [spring-boot-spring-book-cart] [restartedMain] .s.d.r.c.RepositoryConfigurationDelegate : Bootstrapping Spring Data JPA repositories in DEFAULT mode.
2025-03-07T11:17:42.686+05:30  INFO 856 --- [spring-boot-spring-book-cart] [restartedMain] .s.d.r.c.RepositoryConfigurationDelegate : Finished Spring Data repository scanning in 119 ms. Found 1 JPA repository interface.
2025-03-07T11:17:42.967+05:30  INFO 856 --- [spring-boot-spring-book-cart] [restartedMain] o.s.cloud.context.scope.GenericScope     : BeanFactory id=d047c0d4-9acb-3d5c-8d66-166882f877c0
2025-03-07T11:17:43.534+05:30  INFO 856 --- [spring-boot-spring-book-cart] [restartedMain] o.s.b.w.embedded.tomcat.TomcatWebServer  : Tomcat initialized with port 8083 (http)
2025-03-07T11:17:43.551+05:30  INFO 856 --- [spring-boot-spring-book-cart] [restartedMain] o.apache.catalina.core.StandardService   : Starting service [Tomcat]
2025-03-07T11:17:43.551+05:30  INFO 856 --- [spring-boot-spring-book-cart] [restartedMain] o.apache.catalina.core.StandardEngine    : Starting Servlet engine: [Apache Tomcat/10.1.34]
2025-03-07T11:17:43.618+05:30  INFO 856 --- [spring-boot-spring-book-cart] [restartedMain] o.a.c.c.C.[Tomcat].[localhost].[/]       : Initializing Spring embedded WebApplicationContext
2025-03-07T11:17:43.619+05:30  INFO 856 --- [spring-boot-spring-book-cart] [restartedMain] w.s.c.ServletWebServerApplicationContext : Root WebApplicationContext: initialization completed in 2185 ms
2025-03-07T11:17:43.779+05:30  INFO 856 --- [spring-boot-spring-book-cart] [restartedMain] o.hibernate.jpa.internal.util.LogHelper  : HHH000204: Processing PersistenceUnitInfo [name: default]
2025-03-07T11:17:43.830+05:30  INFO 856 --- [spring-boot-spring-book-cart] [restartedMain] org.hibernate.Version                    : HHH000412: Hibernate ORM core version 6.6.5.Final
2025-03-07T11:17:43.860+05:30  INFO 856 --- [spring-boot-spring-book-cart] [restartedMain] o.h.c.internal.RegionFactoryInitiator    : HHH000026: Second-level cache disabled
2025-03-07T11:17:44.126+05:30  INFO 856 --- [spring-boot-spring-book-cart] [restartedMain] o.s.o.j.p.SpringPersistenceUnitInfo      : No LoadTimeWeaver setup: ignoring JPA class transformer
2025-03-07T11:17:44.156+05:30  INFO 856 --- [spring-boot-spring-book-cart] [restartedMain] com.zaxxer.hikari.HikariDataSource       : HikariPool-1 - Starting...
2025-03-07T11:17:44.441+05:30  INFO 856 --- [spring-boot-spring-book-cart] [restartedMain] com.zaxxer.hikari.pool.HikariPool        : HikariPool-1 - Added connection com.mysql.cj.jdbc.ConnectionImpl@22a13bda
2025-03-07T11:17:44.443+05:30  INFO 856 --- [spring-boot-spring-book-cart] [restartedMain] com.zaxxer.hikari.HikariDataSource       : HikariPool-1 - Start completed.
2025-03-07T11:17:44.508+05:30  WARN 856 --- [spring-boot-spring-book-cart] [restartedMain] org.hibernate.orm.deprecation            : HHH90000025: MySQLDialect does not need to be specified explicitly using 'hibernate.dialect' (remove the property setting and it will be selected by default)
2025-03-07T11:17:44.535+05:30  INFO 856 --- [spring-boot-spring-book-cart] [restartedMain] org.hibernate.orm.connections.pooling    : HHH10001005: Database info:
	Database JDBC URL [Connecting through datasource 'HikariDataSource (HikariPool-1)']
	Database driver: undefined/unknown
	Database version: 8.0.40
	Autocommit mode: undefined/unknown
	Isolation level: undefined/unknown
	Minimum pool size: undefined/unknown
	Maximum pool size: undefined/unknown
2025-03-07T11:17:45.371+05:30  INFO 856 --- [spring-boot-spring-book-cart] [restartedMain] o.h.e.t.j.p.i.JtaPlatformInitiator       : HHH000489: No JTA platform available (set 'hibernate.transaction.jta.platform' to enable JTA platform integration)
2025-03-07T11:17:45.433+05:30  INFO 856 --- [spring-boot-spring-book-cart] [restartedMain] j.LocalContainerEntityManagerFactoryBean : Initialized JPA EntityManagerFactory for persistence unit 'default'
2025-03-07T11:17:45.814+05:30  WARN 856 --- [spring-boot-spring-book-cart] [restartedMain] JpaBaseConfiguration$JpaWebConfiguration : spring.jpa.open-in-view is enabled by default. Therefore, database queries may be performed during view rendering. Explicitly configure spring.jpa.open-in-view to disable this warning
2025-03-07T11:17:46.236+05:30  WARN 856 --- [spring-boot-spring-book-cart] [restartedMain] o.s.b.d.a.OptionalLiveReloadServer       : Unable to start LiveReload server
2025-03-07T11:17:46.298+05:30  INFO 856 --- [spring-boot-spring-book-cart] [restartedMain] DiscoveryClientOptionalArgsConfiguration : Eureka HTTP Client uses RestTemplate.
2025-03-07T11:17:46.340+05:30  WARN 856 --- [spring-boot-spring-book-cart] [restartedMain] iguration$LoadBalancerCaffeineWarnLogger : Spring Cloud LoadBalancer is currently working with the default cache. While this cache implementation is useful for development and tests, it's recommended to use Caffeine cache in production.You can switch to using Caffeine cache, by adding it and org.springframework.cache.caffeine.CaffeineCacheManager to the classpath.
2025-03-07T11:17:46.423+05:30  INFO 856 --- [spring-boot-spring-book-cart] [restartedMain] o.s.c.n.eureka.InstanceInfoFactory       : Setting initial instance status as: STARTING
2025-03-07T11:17:46.444+05:30  INFO 856 --- [spring-boot-spring-book-cart] [restartedMain] com.netflix.discovery.DiscoveryClient    : Initializing Eureka in region us-east-1
2025-03-07T11:17:46.449+05:30  INFO 856 --- [spring-boot-spring-book-cart] [restartedMain] c.n.d.s.r.aws.ConfigClusterResolver      : Resolving eureka endpoints via configuration
2025-03-07T11:17:46.458+05:30  INFO 856 --- [spring-boot-spring-book-cart] [restartedMain] com.netflix.discovery.DiscoveryClient    : Disable delta property : false
2025-03-07T11:17:46.458+05:30  INFO 856 --- [spring-boot-spring-book-cart] [restartedMain] com.netflix.discovery.DiscoveryClient    : Single vip registry refresh property : null
2025-03-07T11:17:46.458+05:30  INFO 856 --- [spring-boot-spring-book-cart] [restartedMain] com.netflix.discovery.DiscoveryClient    : Force full registry fetch : false
2025-03-07T11:17:46.459+05:30  INFO 856 --- [spring-boot-spring-book-cart] [restartedMain] com.netflix.discovery.DiscoveryClient    : Application is null : false
2025-03-07T11:17:46.459+05:30  INFO 856 --- [spring-boot-spring-book-cart] [restartedMain] com.netflix.discovery.DiscoveryClient    : Registered Applications size is zero : true
2025-03-07T11:17:46.459+05:30  INFO 856 --- [spring-boot-spring-book-cart] [restartedMain] com.netflix.discovery.DiscoveryClient    : Application version is -1: true
2025-03-07T11:17:46.459+05:30  INFO 856 --- [spring-boot-spring-book-cart] [restartedMain] com.netflix.discovery.DiscoveryClient    : Getting all instance registry info from the eureka server
2025-03-07T11:17:46.711+05:30  INFO 856 --- [spring-boot-spring-book-cart] [restartedMain] com.netflix.discovery.DiscoveryClient    : The response status is 200
2025-03-07T11:17:46.713+05:30  INFO 856 --- [spring-boot-spring-book-cart] [restartedMain] com.netflix.discovery.DiscoveryClient    : Starting heartbeat executor: renew interval is: 30
2025-03-07T11:17:46.716+05:30  INFO 856 --- [spring-boot-spring-book-cart] [restartedMain] c.n.discovery.InstanceInfoReplicator     : InstanceInfoReplicator onDemand update allowed rate per min is 4
2025-03-07T11:17:46.718+05:30  INFO 856 --- [spring-boot-spring-book-cart] [restartedMain] com.netflix.discovery.DiscoveryClient    : Discovery Client initialized at timestamp 1741326466718 with initial instances count: 3
2025-03-07T11:17:46.722+05:30  INFO 856 --- [spring-boot-spring-book-cart] [restartedMain] o.s.c.n.e.s.EurekaServiceRegistry        : Registering application SPRING-BOOT-SPRING-BOOK-CART with eureka with status UP
2025-03-07T11:17:46.723+05:30  INFO 856 --- [spring-boot-spring-book-cart] [restartedMain] com.netflix.discovery.DiscoveryClient    : Saw local status change event StatusChangeEvent [timestamp=1741326466723, current=UP, previous=STARTING]
2025-03-07T11:17:46.726+05:30  INFO 856 --- [spring-boot-spring-book-cart] [DiscoveryClient-InstanceInfoReplicator-%d] com.netflix.discovery.DiscoveryClient    : DiscoveryClient_SPRING-BOOT-SPRING-BOOK-CART/LTIN562462.cts.com:spring-boot-spring-book-cart:8083: registering service...
2025-03-07T11:17:46.753+05:30  INFO 856 --- [spring-boot-spring-book-cart] [restartedMain] o.s.b.w.embedded.tomcat.TomcatWebServer  : Tomcat started on port 8083 (http) with context path '/'
2025-03-07T11:17:46.754+05:30  INFO 856 --- [spring-boot-spring-book-cart] [restartedMain] .s.c.n.e.s.EurekaAutoServiceRegistration : Updating port to 8083
2025-03-07T11:17:46.768+05:30  INFO 856 --- [spring-boot-spring-book-cart] [restartedMain] .e.d.SpringBootSpringBookCartApplication : Started SpringBootSpringBookCartApplication in 7.302 seconds (process running for 8.288)
2025-03-07T11:17:46.780+05:30  INFO 856 --- [spring-boot-spring-book-cart] [DiscoveryClient-InstanceInfoReplicator-%d] com.netflix.discovery.DiscoveryClient    : DiscoveryClient_SPRING-BOOT-SPRING-BOOK-CART/LTIN562462.cts.com:spring-boot-spring-book-cart:8083 - registration status: 204
2025-03-07T11:22:46.463+05:30  INFO 856 --- [spring-boot-spring-book-cart] [AsyncResolver-bootstrap-executor-%d] c.n.d.s.r.aws.ConfigClusterResolver      : Resolving eureka endpoints via configuration
2025-03-07T11:27:46.486+05:30  INFO 856 --- [spring-boot-spring-book-cart] [AsyncResolver-bootstrap-executor-%d] c.n.d.s.r.aws.ConfigClusterResolver      : Resolving eureka endpoints via configuration
2025-03-07T11:32:46.493+05:30  INFO 856 --- [spring-boot-spring-book-cart] [AsyncResolver-bootstrap-executor-%d] c.n.d.s.r.aws.ConfigClusterResolver      : Resolving eureka endpoints via configuration
2025-03-07T11:37:46.501+05:30  INFO 856 --- [spring-boot-spring-book-cart] [AsyncResolver-bootstrap-executor-%d] c.n.d.s.r.aws.ConfigClusterResolver      : Resolving eureka endpoints via configuration
2025-03-07T11:42:46.517+05:30  INFO 856 --- [spring-boot-spring-book-cart] [AsyncResolver-bootstrap-executor-%d] c.n.d.s.r.aws.ConfigClusterResolver      : Resolving eureka endpoints via configuration
2025-03-07T11:47:46.527+05:30  INFO 856 --- [spring-boot-spring-book-cart] [AsyncResolver-bootstrap-executor-%d] c.n.d.s.r.aws.ConfigClusterResolver      : Resolving eureka endpoints via configuration
2025-03-07T11:51:49.175+05:30  WARN 856 --- [spring-boot-spring-book-cart] [HikariPool-1 housekeeper] com.zaxxer.hikari.pool.HikariPool        : HikariPool-1 - Thread starvation or clock leap detected (housekeeper delta=1m4s63ms506µs600ns).
2025-03-07T11:53:20.580+05:30  INFO 856 --- [spring-boot-spring-book-cart] [AsyncResolver-bootstrap-executor-%d] c.n.d.s.r.aws.ConfigClusterResolver      : Resolving eureka endpoints via configuration
2025-03-07T11:58:20.582+05:30  INFO 856 --- [spring-boot-spring-book-cart] [AsyncResolver-bootstrap-executor-%d] c.n.d.s.r.aws.ConfigClusterResolver      : Resolving eureka endpoints via configuration
2025-03-07T12:03:20.582+05:30  INFO 856 --- [spring-boot-spring-book-cart] [AsyncResolver-bootstrap-executor-%d] c.n.d.s.r.aws.ConfigClusterResolver      : Resolving eureka endpoints via configuration
2025-03-07T12:04:04.855+05:30  WARN 856 --- [spring-boot-spring-book-cart] [HikariPool-1 housekeeper] com.zaxxer.hikari.pool.HikariPool        : HikariPool-1 - Thread starvation or clock leap detected (housekeeper delta=45s291ms480µs100ns).
2025-03-07T12:08:35.878+05:30  INFO 856 --- [spring-boot-spring-book-cart] [AsyncResolver-bootstrap-executor-%d] c.n.d.s.r.aws.ConfigClusterResolver      : Resolving eureka endpoints via configuration
2025-03-07T12:13:35.888+05:30  INFO 856 --- [spring-boot-spring-book-cart] [AsyncResolver-bootstrap-executor-%d] c.n.d.s.r.aws.ConfigClusterResolver      : Resolving eureka endpoints via configuration
2025-03-07T12:18:35.905+05:30  INFO 856 --- [spring-boot-spring-book-cart] [AsyncResolver-bootstrap-executor-%d] c.n.d.s.r.aws.ConfigClusterResolver      : Resolving eureka endpoints via configuration
2025-03-07T12:23:35.907+05:30  INFO 856 --- [spring-boot-spring-book-cart] [AsyncResolver-bootstrap-executor-%d] c.n.d.s.r.aws.ConfigClusterResolver      : Resolving eureka endpoints via configuration
2025-03-07T12:28:35.918+05:30  INFO 856 --- [spring-boot-spring-book-cart] [AsyncResolver-bootstrap-executor-%d] c.n.d.s.r.aws.ConfigClusterResolver      : Resolving eureka endpoints via configuration
2025-03-07T12:33:35.929+05:30  INFO 856 --- [spring-boot-spring-book-cart] [AsyncResolver-bootstrap-executor-%d] c.n.d.s.r.aws.ConfigClusterResolver      : Resolving eureka endpoints via configuration
2025-03-07T12:34:09.073+05:30  INFO 856 --- [spring-boot-spring-book-cart] [http-nio-8083-exec-1] o.a.c.c.C.[Tomcat].[localhost].[/]       : Initializing Spring DispatcherServlet 'dispatcherServlet'
2025-03-07T12:34:09.075+05:30  INFO 856 --- [spring-boot-spring-book-cart] [http-nio-8083-exec-1] o.s.web.servlet.DispatcherServlet        : Initializing Servlet 'dispatcherServlet'
2025-03-07T12:34:09.092+05:30  INFO 856 --- [spring-boot-spring-book-cart] [http-nio-8083-exec-1] o.s.web.servlet.DispatcherServlet        : Completed initialization in 16 ms
2025-03-07T12:34:09.287+05:30  INFO 856 --- [spring-boot-spring-book-cart] [http-nio-8083-exec-1] com.example.demo.aop.LoggingAspect       : A method in CartService is about to be executed. Method: addCartItem, Arguments: [CartItem(id=null, userId=4, bookId=2, quantity=2, price=0.0, bookName=null)]
2025-03-07T12:34:09.767+05:30  INFO 856 --- [spring-boot-spring-book-cart] [http-nio-8083-exec-1] com.example.demo.aop.LoggingAspect       : A method in CartService has executed successfully. Method: addCartItem, Result: CartItem(id=19, userId=4, bookId=2, quantity=2, price=14.99, bookName=Becoming)
2025-03-07T12:34:18.609+05:30  INFO 856 --- [spring-boot-spring-book-cart] [http-nio-8083-exec-2] com.example.demo.aop.LoggingAspect       : A method in CartService is about to be executed. Method: getCartItems, Arguments: [4]
2025-03-07T12:34:19.026+05:30  INFO 856 --- [spring-boot-spring-book-cart] [http-nio-8083-exec-2] com.example.demo.aop.LoggingAspect       : A method in CartService has executed successfully. Method: getCartItems, Result: [CartItem(id=19, userId=4, bookId=2, quantity=2, price=14.99, bookName=Becoming)]
2025-03-07T12:34:24.995+05:30  INFO 856 --- [spring-boot-spring-book-cart] [http-nio-8083-exec-3] com.example.demo.aop.LoggingAspect       : A method in CartService is about to be executed. Method: getCartItems, Arguments: [4]
2025-03-07T12:34:25.033+05:30  INFO 856 --- [spring-boot-spring-book-cart] [http-nio-8083-exec-3] com.example.demo.aop.LoggingAspect       : A method in CartService has executed successfully. Method: getCartItems, Result: [CartItem(id=19, userId=4, bookId=2, quantity=2, price=14.99, bookName=Becoming)]
2025-03-07T12:34:36.272+05:30  INFO 856 --- [spring-boot-spring-book-cart] [http-nio-8083-exec-4] com.example.demo.aop.LoggingAspect       : A method in CartService is about to be executed. Method: getCartItems, Arguments: [4]
2025-03-07T12:34:36.313+05:30  INFO 856 --- [spring-boot-spring-book-cart] [http-nio-8083-exec-4] com.example.demo.aop.LoggingAspect       : A method in CartService has executed successfully. Method: getCartItems, Result: [CartItem(id=19, userId=4, bookId=2, quantity=2, price=14.99, bookName=Becoming)]
2025-03-07T12:34:36.871+05:30  INFO 856 --- [spring-boot-spring-book-cart] [http-nio-8083-exec-5] com.example.demo.aop.LoggingAspect       : A method in CartService is about to be executed. Method: getCartItems, Arguments: [4]
2025-03-07T12:34:36.914+05:30  INFO 856 --- [spring-boot-spring-book-cart] [http-nio-8083-exec-5] com.example.demo.aop.LoggingAspect       : A method in CartService has executed successfully. Method: getCartItems, Result: [CartItem(id=19, userId=4, bookId=2, quantity=2, price=14.99, bookName=Becoming)]
2025-03-07T12:34:43.518+05:30  INFO 856 --- [spring-boot-spring-book-cart] [http-nio-8083-exec-6] com.example.demo.aop.LoggingAspect       : A method in CartService is about to be executed. Method: clearCart, Arguments: [4]
2025-03-07T12:34:43.555+05:30  INFO 856 --- [spring-boot-spring-book-cart] [http-nio-8083-exec-6] com.example.demo.aop.LoggingAspect       : A method in CartService has executed successfully. Method: clearCart, Result: null
2025-03-07T12:38:35.934+05:30  INFO 856 --- [spring-boot-spring-book-cart] [AsyncResolver-bootstrap-executor-%d] c.n.d.s.r.aws.ConfigClusterResolver      : Resolving eureka endpoints via configuration
2025-03-07T12:44:07.116+05:30  WARN 856 --- [spring-boot-spring-book-cart] [HikariPool-1 housekeeper] com.zaxxer.hikari.pool.HikariPool        : HikariPool-1 - Thread starvation or clock leap detected (housekeeper delta=2m1s638ms780µs300ns).
2025-03-07T12:45:07.523+05:30  INFO 856 --- [spring-boot-spring-book-cart] [AsyncResolver-bootstrap-executor-%d] c.n.d.s.r.aws.ConfigClusterResolver      : Resolving eureka endpoints via configuration
2025-03-07T12:50:07.526+05:30  INFO 856 --- [spring-boot-spring-book-cart] [AsyncResolver-bootstrap-executor-%d] c.n.d.s.r.aws.ConfigClusterResolver      : Resolving eureka endpoints via configuration
2025-03-07T12:55:07.529+05:30  INFO 856 --- [spring-boot-spring-book-cart] [AsyncResolver-bootstrap-executor-%d] c.n.d.s.r.aws.ConfigClusterResolver      : Resolving eureka endpoints via configuration
2025-03-07T12:57:41.135+05:30  WARN 856 --- [spring-boot-spring-book-cart] [HikariPool-1 housekeeper] com.zaxxer.hikari.pool.HikariPool        : HikariPool-1 - Thread starvation or clock leap detected (housekeeper delta=1m33s813ms526µs800ns).
2025-03-07T13:01:11.343+05:30  INFO 856 --- [spring-boot-spring-book-cart] [AsyncResolver-bootstrap-executor-%d] c.n.d.s.r.aws.ConfigClusterResolver      : Resolving eureka endpoints via configuration
2025-03-07T13:06:11.357+05:30  INFO 856 --- [spring-boot-spring-book-cart] [AsyncResolver-bootstrap-executor-%d] c.n.d.s.r.aws.ConfigClusterResolver      : Resolving eureka endpoints via configuration
2025-03-07T13:09:49.404+05:30  WARN 856 --- [spring-boot-spring-book-cart] [HikariPool-1 housekeeper] com.zaxxer.hikari.pool.HikariPool        : HikariPool-1 - Thread starvation or clock leap detected (housekeeper delta=1m8s140ms227µs200ns).
2025-03-07T13:11:49.493+05:30  INFO 856 --- [spring-boot-spring-book-cart] [AsyncResolver-bootstrap-executor-%d] c.n.d.s.r.aws.ConfigClusterResolver      : Resolving eureka endpoints via configuration
2025-03-07T13:49:55.065+05:30  WARN 856 --- [spring-boot-spring-book-cart] [HikariPool-1 housekeeper] com.zaxxer.hikari.pool.HikariPool        : HikariPool-1 - Thread starvation or clock leap detected (housekeeper delta=37m23s764ms931µs600ns).
2025-03-07T13:53:55.143+05:30  INFO 856 --- [spring-boot-spring-book-cart] [AsyncResolver-bootstrap-executor-%d] c.n.d.s.r.aws.ConfigClusterResolver      : Resolving eureka endpoints via configuration
2025-03-07T13:58:55.145+05:30  INFO 856 --- [spring-boot-spring-book-cart] [AsyncResolver-bootstrap-executor-%d] c.n.d.s.r.aws.ConfigClusterResolver      : Resolving eureka endpoints via configuration
2025-03-07T14:03:55.153+05:30  INFO 856 --- [spring-boot-spring-book-cart] [AsyncResolver-bootstrap-executor-%d] c.n.d.s.r.aws.ConfigClusterResolver      : Resolving eureka endpoints via configuration
2025-03-07T14:08:55.168+05:30  INFO 856 --- [spring-boot-spring-book-cart] [AsyncResolver-bootstrap-executor-%d] c.n.d.s.r.aws.ConfigClusterResolver      : Resolving eureka endpoints via configuration
2025-03-07T14:13:55.174+05:30  INFO 856 --- [spring-boot-spring-book-cart] [AsyncResolver-bootstrap-executor-%d] c.n.d.s.r.aws.ConfigClusterResolver      : Resolving eureka endpoints via configuration
2025-03-07T14:18:55.181+05:30  INFO 856 --- [spring-boot-spring-book-cart] [AsyncResolver-bootstrap-executor-%d] c.n.d.s.r.aws.ConfigClusterResolver      : Resolving eureka endpoints via configuration
